Key 5. Confirmatory characters
********************************************************************************

KEY version 2.12 (Java)
M.J. Dallwitz and T.A. Paine
Java edition ported by the Atlas of Living Australia, 2011.
CSIRO Division of Entomology, GPO Box 1700, Canberra, ACT 2601, Australia
Phone +61 2 6246 4075. Fax +61 2 6246 4000. Email delta@ento.csiro.au

Run at 20:33 on 23-abr-2018

Characters - 72 in data, 72 included, 45 in key.
Items - 41 in data, 41 included, 51 in key.

RBASE = 1,40 ABASE = 2,00 REUSE = 1,01 VARYWT = 0,80
Number of confirmatory characters = 3

Average length of key = 5,7 Average cost of key = 3,2
Maximum length of key = 9,0 Maximum cost of key = 2,1

Characters included 1-72
Character reliabilities 1,4 2,6 3,8 4-5,2 6,6 7,2 8-9,6 10,4 11-13,2 14-15,6 16-17,8 18-30,6 31-32,8 33,4 34,6 35,4 36,5 37,8 38-39,4 40,6 41-45,4 46-48,6 49-51,2 52,4 53-60,2 61-64,6 65-66,2 67,8 68,2 69,6 70-71,2 72,8

Items included 1-41
Item abundances 1-41,5

+---------------------------+---+---+---+---+---+
|Centrolene                 |72A|14A 19A 20A 26A|
+---------------------------+   |---+---+---+---+
|Hyalinobatrachium          |72A|14D 19B 20B 26B|
+---------------------------+---+---+---+---+---+
|Espadarana                 |72B|67A 34A 42A 44A|
+---------------------------+   |---+---+---+---+---+---+---+---+
|Rulyrana                   |72B|67B 34B 42B 44B| 2A 23B 24A 27B|
+---------------------------+   |   |   |   |   |---+---+---+---+
|Nymphargus                 |72B|67B 34B 42B 44B| 2B 23E 24B 27A|
+---------------------------+---+---+---+---+---+---+---+---+---+
|Dendropsophus             3|72C|63A 64A|16B 17A|31A|
+---------------------------+   |   |   |   |   |---+---+
|Physalaemus                |72C|63A 64A|16B 17A|31B|69A|
+---------------------------+   |   |   |   |   |   |---+
|Pleurodema                 |72C|63A 64A|16B 17A|31B|69B|
+---------------------------+   |   |   |   |   |   |---+---+---+---+---+
|Rhinella                   |72C|63A 64A|16B 17A|31B|69C| 9A 10B 56A 65A|
+---------------------------+   |   |   |   |   |   |   |---+---+---+---+
|Rhaebo                     |72C|63A 64A|16B 17A|31B|69C| 9C 10C 56B 65B|
+---------------------------+   |   |   |   |   |   |---+---+---+---+---+---+
|Gastroteca                2|72C|63A 64A|16B 17A|31B|69D|22A|23A|24A 28B 40A
+---------------------------+   |   |   |   |   |   |   |   |   |---+---+---+
|Leptodactylus             3|72C|63A 64A|16B 17A|31B|69D|22A|23A|24B 28A 40B
+---------------------------+   |   |   |   |   |   |   |   |   |   |   |   |
|Craugastor                 |72C|63A 64A|16B 17A|31B|69D|22A|23A|24B 28A 40B
+---------------------------+   |   |   |   |   |   |   |   |---+---+---+---+
|Scarthyla                  |72C|63A 64A|16B 17A|31B|69D|22A|23B|
+---------------------------+   |   |   |   |   |   |   |   |---+
|Pristimantis              2|72C|63A 64A|16B 17A|31B|69D|22A|23C|
+---------------------------+   |   |   |   |   |   |   |   |---+
|Leptodactylus             3|72C|63A 64A|16B 17A|31B|69D|22A|23D|
+---------------------------+   |   |   |   |   |   |   |---+---+---+---+---+
|Gastroteca                2|72C|63A 64A|16B 17A|31B|69D|22B|24A 28B 40A 36B|
+---------------------------+   |   |   |   |   |   |   |   |---+---+---+---+
|Leptodactylus             3|72C|63A 64A|16B 17A|31B|69D|22B|24B 28A 40B 36A|
+---------------------------+   |   |   |   |   |   |   |---+---+---+---+---+
|Elachistocleis             |72C|63A 64A|16B 17A|31B|69D|22C|14A 66B 70A|27A
+---------------------------+   |   |   |   |   |   |   |   |   |   |   |---+
|Ctenophryne                |72C|63A 64A|16B 17A|31B|69D|22C|14A 66B 70A|27B
+---------------------------+   |   |   |   |   |   |   |   |---+---+---+---+
|Ceratophrys                |72C|63A 64A|16B 17A|31B|69D|22C|14B 66A 70B| 2B
+---------------------------+   |   |   |   |   |   |   |   |   |   |   |   |
|Allobates                  |72C|63A 64A|16B 17A|31B|69D|22C|14B 66A 70B| 2B
+---------------------------+   |   |   |   |   |   |   |   |   |   |   |---+
|Pseudopaludicola           |72C|63A 64A|16B 17A|31B|69D|22C|14B 66A 70B| 2C
+---------------------------+   |   |   |---+---+---+---+---+---+---+---+---+
|Agalychnis                 |72C|63A 64A|16C 17B|
+---------------------------+   |---+---+---+---+
|Dendropsophus             3|72C|63B 64B|31A|
+---------------------------+   |   |   |---+---+---+---+---+---+---+---+
|Atelopus                   |72C|63B 64B|31B|29A|47A 48A| 9A  8B 15B 18C|
+---------------------------+   |   |   |   |   |   |   |---+---+---+---+---+
|Hyloscirtus               2|72C|63B 64B|31B|29A|47A 48A| 9C  8A 15A 18A|30A|
+---------------------------+   |   |   |   |   |   |   |   |   |   |   |   |
|Hyloscirtus               2|72C|63B 64B|31B|29A|47A 48A| 9C  8A 15A 18A|30A|
+---------------------------+   |   |   |   |   |   |   |   |   |   |   |   |
|Hypsiboas                 3|72C|63B 64B|31B|29A|47A 48A| 9C  8A 15A 18A|30A|
+---------------------------+   |   |   |   |   |   |   |   |   |   |   |---+
|Scinax                     |72C|63B 64B|31B|29A|47A 48A| 9C  8A 15A 18A|30B|
+---------------------------+   |   |   |   |   |---+---+---+---+---+---+---+
|Hypsiboas                 3|72C|63B 64B|31B|29A|47B 48C|
+---------------------------+   |   |   |   |   |---+---+---+---+---+---+
|Cryptobatrachus            |72C|63B 64B|31B|29A|47D 48D|14A 22A 15A 20A|
+---------------------------+   |   |   |   |   |   |   |---+---+---+---+
|Rheobates                  |72C|63B 64B|31B|29A|47D 48D|14B 22C 15B 20B|
+---------------------------+   |   |   |   |---+---+---+---+---+---+---+
|Smilisca                  2|72C|63B 64B|31B|29B|
+---------------------------+   |   |   |   |---+
|Smilisca                  2|72C|63B 64B|31B|29C|
+---------------------------+   |   |   |   |---+
|Trachycephalus             |72C|63B 64B|31B|29D|
+---------------------------+   |   |   |   |---+
|Lithobates                 |72C|63B 64B|31B|29E|
+---------------------------+   |---+---+---+---+
|Dendropsophus             3|72C|63C 64C|31A|
+---------------------------+   |   |   |---+---+---+---+---+
|Hypsiboas                 3|72C|63C 64C|31B| 6A 15A 30A 46A|
+---------------------------+   |   |   |   |---+---+---+---+
|Pseudis                    |72C|63C 64C|31B| 6B 15B 30B 46D|
+---------------------------+   |---+---+---+---+---+---+---+---+---+---+---+
|Eleutherodactylus          |72C|63D 64D|16B 59A 65A| 6A 15A 40B  4A|22A|37A
+---------------------------+   |   |   |   |   |   |   |   |   |   |   |---+
|Tachiramantis              |72C|63D 64D|16B 59A 65A| 6A 15A 40B  4A|22A|37B
+---------------------------+   |   |   |   |   |   |   |   |   |   |   |   |
|Pristimantis              2|72C|63D 64D|16B 59A 65A| 6A 15A 40B  4A|22A|37B
+---------------------------+   |   |   |   |   |   |   |   |   |   |---+---+
|Diasporus                  |72C|63D 64D|16B 59A 65A| 6A 15A 40B  4A|22C|14A
+---------------------------+   |   |   |   |   |   |   |   |   |   |   |---+
|Engystomops                |72C|63D 64D|16B 59A 65A| 6A 15A 40B  4A|22C|14B
+---------------------------+   |   |   |   |   |   |---+---+---+---+---+---+
|Andinobates                |72C|63D 64D|16B 59A 65A| 6B 15B 40A  4B|29A| 2C
+---------------------------+   |   |   |   |   |   |   |   |   |   |   |---+
|Dendrobates                |72C|63D 64D|16B 59A 65A| 6B 15B 40A  4B|29A| 2D
+---------------------------+   |   |   |   |   |   |   |   |   |   |---+---+
|Oophaga                    |72C|63D 64D|16B 59A 65A| 6B 15B 40A  4B|29D|
+---------------------------+   |   |   |   |   |   |   |   |   |   |---+
|Hyloxalus                  |72C|63D 64D|16B 59A 65A| 6B 15B 40A  4B|29E|
+---------------------------+   |   |   |---+---+---+---+---+---+---+---+
|Phyllomedusa               |72C|63D 64D|16C 59B 65B| 2B 14C 22A 20A|
+---------------------------+   |   |   |   |   |   |---+---+---+---+
|Pithecopus                 |72C|63D 64D|16C 59B 65B| 2D 14D 22C 20B|
+---------------------------+---+---+---+---+---+---+---+---+---+---+

Key 5. Confirmatory characters

+---------------------------+
|Centrolene                 |
+---------------------------+
|Hyalinobatrachium          |
+---------------------------+
|Espadarana                 |
+---------------------------+
|Rulyrana                   |
+---------------------------+
|Nymphargus                 |
+---------------------------+
|Dendropsophus             3|
+---------------------------+
|Physalaemus                |
+---------------------------+
|Pleurodema                 |
+---------------------------+
|Rhinella                   |
+---------------------------+
|Rhaebo                     |
+---------------------------+---+
|Gastroteca                2|59B|
+---------------------------+---+---+---+---+---+
|Leptodactylus             3|59A|36A 10C 70A 71A|
+---------------------------+   |---+---+---+---+
|Craugastor                 |59A|36B 10B 70B 71C|
+---------------------------+---+---+---+---+---+
|Scarthyla                  |
+---------------------------+
|Pristimantis              2|
+---------------------------+
|Leptodactylus             3|
+---------------------------+
|Gastroteca                2|
+---------------------------+
|Leptodactylus             3|
+---------------------------+---+---+---+
|Elachistocleis             | 1A 13C 65A|
+---------------------------+---+---+---+
|Ctenophryne                | 1B 13B 65B|
+---------------------------+---+---+---+---+---+---+---+
|Ceratophrys                | 6B 15B 19A| 9B  8C 18B 30B|
+---------------------------+   |   |   |---+---+---+---+
|Allobates                  | 6B 15B 19A| 9C  8A 18A 30A|
+---------------------------+---+---+---+---+---+---+---+
|Pseudopaludicola           | 6A 15A 19B|
+---------------------------+---+---+---+
|Agalychnis                 |
+---------------------------+
|Dendropsophus             3|
+---------------------------+
|Atelopus                   |
+---------------------------+---+
|Hyloscirtus               2|23A|
+---------------------------+---+
|Hyloscirtus               2|23B|
+---------------------------+---+
|Hypsiboas                 3|23D|
+---------------------------+---+
|Scinax                     |
+---------------------------+
|Hypsiboas                 3|
+---------------------------+
|Cryptobatrachus            |
+---------------------------+
|Rheobates                  |
+---------------------------+
|Smilisca                  2|
+---------------------------+
|Smilisca                  2|
+---------------------------+
|Trachycephalus             |
+---------------------------+
|Lithobates                 |
+---------------------------+
|Dendropsophus             3|
+---------------------------+
|Hypsiboas                 3|
+---------------------------+
|Pseudis                    |
+---------------------------+---+---+---+
|Eleutherodactylus          |30B 25A 44A|
+---------------------------+---+---+---+---+---+---+
|Tachiramantis              |30A 25B 44D|23B 26B 66B|
+---------------------------+   |   |   |---+---+---+
|Pristimantis              2|30A 25B 44D|23C 26A 66A|
+---------------------------+---+---+---+---+---+---+
|Diasporus                  |29A 69D  8A|
+---------------------------+---+---+---+
|Engystomops                |29B 69C  8C|
+---------------------------+---+---+---+
|Andinobates                |20A 30A 10C|
+---------------------------+---+---+---+
|Dendrobates                |20B 30B 10A|
+---------------------------+---+---+---+
|Oophaga                    |
+---------------------------+
|Hyloxalus                  |
+---------------------------+
|Phyllomedusa               |
+---------------------------+
|Pithecopus                 |
+---------------------------+
